<?xml version="1.0" encoding="UTF-8"?>
<!-- Generated by org.testng.reporters.JUnitReportReporter -->
<testsuite hostname="EN911705" failures="0" tests="3" name="TestNG.Annotations.GroupClass2" time="0.003" errors="0" timestamp="2022-05-31T22:47:32 COT" skipped="0">
  <testcase classname="TestNG.Annotations.GroupClass2" name="testG22" time="0.000"/>
  <system-out/>
  <testcase classname="TestNG.Annotations.GroupClass2" name="testG44" time="0.003"/>
  <system-out/>
  <testcase classname="TestNG.Annotations.GroupClass2" name="testG11" time="0.000"/>
  <system-out/>
</testsuite> <!-- TestNG.Annotations.GroupClass2 -->
