<?xml version="1.0" encoding="UTF-8"?>
<!-- Generated by org.testng.reporters.JUnitReportReporter -->
<testsuite hostname="EH-Host" failures="0" tests="3" name="TestNG.Days3" time="0.013" errors="0" timestamp="2022-05-27T20:24:34 COT" skipped="0">
  <testcase classname="TestNG.Days3" name="APIlogin" time="0.005"/>
  <system-out/>
  <testcase classname="TestNG.Days3" name="Mobilelogin" time="0.002"/>
  <system-out/>
  <testcase classname="TestNG.Days3" name="Weblogin" time="0.006"/>
  <system-out/>
</testsuite> <!-- TestNG.Days3 -->
