<?xml version="1.0" encoding="UTF-8"?>
<!-- Generated by org.testng.reporters.JUnitReportReporter -->
<testsuite hostname="EH-Host" failures="0" tests="1" name="ActionsFramesWindows.Screenshot" time="0.358" errors="0" timestamp="2022-05-27T19:21:38 COT" skipped="0">
  <testcase classname="ActionsFramesWindows.Screenshot" name="switchWindows" time="0.358"/>
  <system-out/>
</testsuite> <!-- ActionsFramesWindows.Screenshot -->
