<?xml version="1.0" encoding="UTF-8"?>
<!-- Generated by org.testng.reporters.JUnitReportReporter -->
<testsuite hostname="EH-Host" failures="0" tests="1" name="ActionsFramesWindows.MultiplesWindows" time="0.071" errors="0" timestamp="2022-05-27T19:00:45 COT" skipped="0">
  <testcase classname="ActionsFramesWindows.MultiplesWindows" name="switchWindows" time="0.071"/>
  <system-out/>
</testsuite> <!-- ActionsFramesWindows.MultiplesWindows -->
