<?xml version="1.0" encoding="UTF-8"?>
<!-- Generated by org.testng.reporters.JUnitReportReporter -->
<testsuite hostname="EH-Host" failures="0" tests="1" name="JavaCore.Interfaces.ExecuteInterface" time="0.015" errors="0" timestamp="2022-05-30T23:02:48 COT" skipped="0">
  <testcase classname="JavaCore.Interfaces.ExecuteInterface" name="executeMethod" time="0.015"/>
  <system-out/>
</testsuite> <!-- JavaCore.Interfaces.ExecuteInterface -->
