<?xml version="1.0" encoding="UTF-8"?>
<!-- Generated by org.testng.reporters.JUnitReportReporter -->
<testsuite hostname="EH-Host" failures="0" tests="1" name="TestNG.DayTest.Day2" time="0.006" errors="0" timestamp="2022-05-27T21:30:14 COT" skipped="0">
  <testcase classname="TestNG.DayTest.Day2" name="test1Day2" time="0.006"/>
  <system-out/>
</testsuite> <!-- TestNG.DayTest.Day2 -->
