<?xml version="1.0" encoding="UTF-8"?>
<!-- Generated by org.testng.reporters.JUnitReportReporter -->
<testsuite hostname="EH-Host" failures="0" tests="1" name="ActionsFramesWindows.Dimension" time="0.199" errors="0" timestamp="2022-05-27T19:27:51 COT" skipped="0">
  <testcase classname="ActionsFramesWindows.Dimension" name="dimension" time="0.199"/>
  <system-out/>
</testsuite> <!-- ActionsFramesWindows.Dimension -->
