<?xml version="1.0" encoding="UTF-8"?>
<!-- Generated by org.testng.reporters.JUnitReportReporter -->
<testsuite hostname="EH-Host" failures="0" tests="2" name="TestNG.DayTest.Day1" time="0.012" errors="0" timestamp="2022-05-27T21:30:14 COT" skipped="0">
  <testcase classname="TestNG.DayTest.Day1" name="includeTest2" time="0.002"/>
  <system-out/>
  <testcase classname="TestNG.DayTest.Day1" name="IncludeTest2" time="0.010"/>
  <system-out/>
</testsuite> <!-- TestNG.DayTest.Day1 -->
