<?xml version="1.0" encoding="UTF-8"?>
<!-- Generated by org.testng.reporters.JUnitReportReporter -->
<testsuite hostname="EH-Host" failures="0" tests="1" name="TestNG.Day2" time="0.001" errors="0" timestamp="2022-05-27T20:51:29 COT" skipped="0">
  <testcase classname="TestNG.Day2" name="test1Day2" time="0.001"/>
  <system-out/>
</testsuite> <!-- TestNG.Day2 -->
