<?xml version="1.0" encoding="UTF-8"?>
<!-- Generated by org.testng.reporters.JUnitReportReporter -->
<testsuite hostname="EN911705" failures="0" tests="1" name="ActionsFramesWindows.ActionsClass" time="0.403" errors="0" timestamp="2022-05-19T12:19:29 COT" skipped="0">
  <testcase classname="ActionsFramesWindows.ActionsClass" name="mouseActions" time="0.403"/>
  <system-out/>
</testsuite> <!-- ActionsFramesWindows.ActionsClass -->
