<?xml version="1.0" encoding="UTF-8"?>
<!-- Generated by org.testng.reporters.JUnitReportReporter -->
<testsuite hostname="EH-Host" failures="0" tests="2" name="TestNG.DayTest.Day3" time="0.003" errors="0" timestamp="2022-05-27T21:30:14 COT" skipped="0">
  <testcase classname="TestNG.DayTest.Day3" name="APIlogin" time="0.002"/>
  <system-out/>
  <testcase classname="TestNG.DayTest.Day3" name="Weblogin" time="0.001"/>
  <system-out/>
</testsuite> <!-- TestNG.DayTest.Day3 -->
