<?xml version="1.0" encoding="UTF-8"?>
<!-- Generated by org.testng.reporters.JUnitReportReporter -->
<testsuite hostname="EN911705" failures="0" tests="4" name="JavaStreams.StreamsSelenium" time="0.877" errors="0" timestamp="2022-05-25T22:56:26 COT" skipped="3">
  <testcase classname="JavaStreams.StreamsSelenium" name="filteringStream" time="0.877"/>
  <system-out/>
  <testcase classname="JavaStreams.StreamsSelenium" name="getPriceStream">
    <skipped/>
  </testcase> <!-- getPriceStream -->
  <system-out/>
  <testcase classname="JavaStreams.StreamsSelenium" name="paginationStream">
    <skipped/>
  </testcase> <!-- paginationStream -->
  <system-out/>
  <testcase classname="JavaStreams.StreamsSelenium" name="addToCartArray">
    <skipped/>
  </testcase> <!-- addToCartArray -->
  <system-out/>
</testsuite> <!-- JavaStreams.StreamsSelenium -->
