<?xml version="1.0" encoding="UTF-8"?>
<!-- Generated by org.testng.reporters.JUnitReportReporter -->
<testsuite hostname="EN911705" failures="0" tests="5" name="Locators.AutomationTechniques" time="3.740" errors="0" timestamp="2022-05-18T21:45:03 COT" skipped="4">
  <testcase classname="Locators.AutomationTechniques" name="addToCartArray" time="3.740"/>
  <system-out/>
  <testcase classname="Locators.AutomationTechniques" name="dropDownPractice">
    <skipped/>
  </testcase> <!-- dropDownPractice -->
  <system-out/>
  <testcase classname="Locators.AutomationTechniques" name="clickDropDownPractice">
    <skipped/>
  </testcase> <!-- clickDropDownPractice -->
  <system-out/>
  <testcase classname="Locators.AutomationTechniques" name="checkBox">
    <skipped/>
  </testcase> <!-- checkBox -->
  <system-out/>
  <testcase classname="Locators.AutomationTechniques" name="alerts">
    <skipped/>
  </testcase> <!-- alerts -->
  <system-out/>
</testsuite> <!-- Locators.AutomationTechniques -->
