<?xml version="1.0" encoding="UTF-8"?>
<!-- Generated by org.testng.reporters.JUnitReportReporter -->
<testsuite hostname="EN911705" failures="0" tests="1" name="RealTimeExercise.ScrollTableGrids" time="0.151" errors="0" timestamp="2022-05-23T16:05:25 COT" skipped="0">
  <testcase classname="RealTimeExercise.ScrollTableGrids" name="SCroll" time="0.151"/>
  <system-out/>
</testsuite> <!-- RealTimeExercise.ScrollTableGrids -->
