<?xml version="1.0" encoding="UTF-8"?>
<!-- Generated by org.testng.reporters.JUnitReportReporter -->
<testsuite hostname="EN911705" failures="0" tests="5" name="TestNG.DayTest.DataProviderTest" time="0.024" errors="0" timestamp="2022-06-02T20:38:35 COT" skipped="0">
  <testcase classname="TestNG.DayTest.DataProviderTest" name="dataProviderTest2" time="0.001"/>
  <system-out/>
  <testcase classname="TestNG.DayTest.DataProviderTest" name="dataProviderTest2" time="0.001"/>
  <system-out/>
  <testcase classname="TestNG.DayTest.DataProviderTest" name="dataProviderTest2" time="0.000"/>
  <system-out/>
  <testcase classname="TestNG.DayTest.DataProviderTest" name="dataProviderTest1" time="0.020"/>
  <system-out/>
  <testcase classname="TestNG.DayTest.DataProviderTest" name="dataProviderTest2" time="0.002"/>
  <system-out/>
</testsuite> <!-- TestNG.DayTest.DataProviderTest -->
