<?xml version="1.0" encoding="UTF-8"?>
<!-- Generated by org.testng.reporters.JUnitReportReporter -->
<testsuite hostname="EN911705" failures="0" tests="1" name="JavaCore.Interfaces.ExecuteInterface" time="0.005" errors="0" timestamp="2022-06-01T11:38:36 COT" skipped="0">
  <testcase classname="JavaCore.Interfaces.ExecuteInterface" name="executeMethod" time="0.005"/>
  <system-out/>
</testsuite> <!-- JavaCore.Interfaces.ExecuteInterface -->
