<?xml version="1.0" encoding="UTF-8"?>
<!-- Generated by org.testng.reporters.JUnitReportReporter -->
<testsuite hostname="EN911705" failures="0" tests="1" name="properties.PropertiesTest" time="0.021" errors="0" timestamp="2022-06-01T22:38:34 COT" skipped="0">
  <testcase classname="properties.PropertiesTest" name="bringProperties" time="0.021"/>
  <system-out/>
</testsuite> <!-- properties.PropertiesTest -->
