<?xml version="1.0" encoding="UTF-8"?>
<!-- Generated by org.testng.reporters.JUnitReportReporter -->
<testsuite hostname="EN911705" failures="0" tests="2" name="TestNG.Annotations.GroupClass1" time="0.002" errors="0" timestamp="2022-05-31T22:47:32 COT" skipped="0">
  <testcase classname="TestNG.Annotations.GroupClass1" name="testG2" time="0.001"/>
  <system-out/>
  <testcase classname="TestNG.Annotations.GroupClass1" name="testG1" time="0.001"/>
  <system-out/>
</testsuite> <!-- TestNG.Annotations.GroupClass1 -->
