<?xml version="1.0" encoding="UTF-8"?>
<!-- Generated by org.testng.reporters.JUnitReportReporter -->
<testsuite hostname="EH-Host" failures="0" tests="4" name="TestNG.Day1" time="0.029" errors="0" timestamp="2022-05-27T20:51:29 COT" skipped="0">
  <testcase classname="TestNG.Day1" name="IncludeTest2" time="0.013"/>
  <system-out/>
  <testcase classname="TestNG.Day1" name="test1" time="0.006"/>
  <system-out/>
  <testcase classname="TestNG.Day1" name="test2" time="0.002"/>
  <system-out/>
  <testcase classname="TestNG.Day1" name="includeTest2" time="0.008"/>
  <system-out/>
</testsuite> <!-- TestNG.Day1 -->
