<?xml version="1.0" encoding="UTF-8"?>
<!-- Generated by org.testng.reporters.JUnitReportReporter -->
<testsuite hostname="EN911705" failures="0" tests="1" name="Miscellaneous.SSLCheck" time="6.592" errors="0" timestamp="2022-05-24T14:48:12 COT" skipped="0">
  <testcase classname="Miscellaneous.SSLCheck" name="SSL" time="6.592"/>
  <system-out/>
</testsuite> <!-- Miscellaneous.SSLCheck -->
