<?xml version="1.0" encoding="UTF-8"?>
<!-- Generated by org.testng.reporters.JUnitReportReporter -->
<testsuite hostname="EN911705" failures="0" tests="6" name="JavaStreams.Streams" time="0.005" errors="0" timestamp="2022-05-31T20:15:34 COT" skipped="5">
  <testcase classname="JavaStreams.Streams" name="mapStream" time="0.005"/>
  <system-out/>
  <testcase classname="JavaStreams.Streams" name="StreamMap">
    <skipped/>
  </testcase> <!-- StreamMap -->
  <system-out/>
  <testcase classname="JavaStreams.Streams" name="StreamFilter">
    <skipped/>
  </testcase> <!-- StreamFilter -->
  <system-out/>
  <testcase classname="JavaStreams.Streams" name="regular">
    <skipped/>
  </testcase> <!-- regular -->
  <system-out/>
  <testcase classname="JavaStreams.Streams" name="arrayStream">
    <skipped/>
  </testcase> <!-- arrayStream -->
  <system-out/>
  <testcase classname="JavaStreams.Streams" name="streamCollect">
    <skipped/>
  </testcase> <!-- streamCollect -->
  <system-out/>
</testsuite> <!-- JavaStreams.Streams -->
