<?xml version="1.0" encoding="UTF-8"?>
<!-- Generated by org.testng.reporters.JUnitReportReporter -->
<testsuite hostname="EH-Host" failures="0" tests="1" name="JavaCore.ExecuteAbstract" time="0.015" errors="0" timestamp="2022-05-30T22:30:25 COT" skipped="0">
  <testcase classname="JavaCore.ExecuteAbstract" name="executeAbstractClass" time="0.015"/>
  <system-out/>
</testsuite> <!-- JavaCore.ExecuteAbstract -->
