<?xml version="1.0" encoding="UTF-8"?>
<!-- Generated by org.testng.reporters.JUnitReportReporter -->
<testsuite hostname="EN911705" failures="0" tests="1" name="ActionsFramesWindows.Frames" time="0.402" errors="0" timestamp="2022-05-19T22:37:49 COT" skipped="0">
  <testcase classname="ActionsFramesWindows.Frames" name="switchFrame" time="0.402"/>
  <system-out/>
</testsuite> <!-- ActionsFramesWindows.Frames -->
