<?xml version="1.0" encoding="UTF-8"?>
<!-- Generated by org.testng.reporters.JUnitReportReporter -->
<testsuite hostname="EN911705" failures="0" tests="4" name="JavaStreams.Test1" time="0.007" errors="0" timestamp="2022-05-24T21:54:31 COT" skipped="3">
  <testcase classname="JavaStreams.Test1" name="streamCollect" time="0.007"/>
  <system-out/>
  <testcase classname="JavaStreams.Test1" name="regular">
    <skipped/>
  </testcase> <!-- regular -->
  <system-out/>
  <testcase classname="JavaStreams.Test1" name="StreamFilter">
    <skipped/>
  </testcase> <!-- StreamFilter -->
  <system-out/>
  <testcase classname="JavaStreams.Test1" name="StreamMap">
    <skipped/>
  </testcase> <!-- StreamMap -->
  <system-out/>
</testsuite> <!-- JavaStreams.Test1 -->
