<?xml version="1.0" encoding="UTF-8"?>
<!-- Generated by org.testng.reporters.JUnitReportReporter -->
<testsuite hostname="EN911705" failures="0" tests="2" name="TestNG.DayTest.Day3" time="0.004" errors="0" timestamp="2022-06-01T21:56:38 COT" skipped="0">
  <testcase classname="TestNG.DayTest.Day3" name="Weblogin" time="0.003"/>
  <system-out/>
  <testcase classname="TestNG.DayTest.Day3" name="APIlogin" time="0.001"/>
  <system-out/>
</testsuite> <!-- TestNG.DayTest.Day3 -->
