<?xml version="1.0" encoding="UTF-8"?>
<!-- Generated by org.testng.reporters.JUnitReportReporter -->
<testsuite hostname="EN911705" failures="0" tests="2" name="RealTimeExercise.Scope" time="3.999" errors="0" timestamp="2022-05-23T15:33:36 COT" skipped="1">
  <testcase classname="RealTimeExercise.Scope" name="openSeparateTab" time="3.999"/>
  <system-out/>
  <testcase classname="RealTimeExercise.Scope" name="scope">
    <skipped/>
  </testcase> <!-- scope -->
  <system-out/>
</testsuite> <!-- RealTimeExercise.Scope -->
