<?xml version="1.0" encoding="UTF-8"?>
<!-- Generated by org.testng.reporters.JUnitReportReporter -->
<testsuite hostname="EH-Host" failures="0" tests="3" name="TestNG.Day3" time="0.006" errors="0" timestamp="2022-05-27T20:51:29 COT" skipped="0">
  <testcase classname="TestNG.Day3" name="APIlogin" time="0.001"/>
  <system-out/>
  <testcase classname="TestNG.Day3" name="Mobilelogin" time="0.003"/>
  <system-out/>
  <testcase classname="TestNG.Day3" name="Weblogin" time="0.002"/>
  <system-out/>
</testsuite> <!-- TestNG.Day3 -->
