<?xml version="1.0" encoding="UTF-8"?>
<!-- Generated by org.testng.reporters.JUnitReportReporter -->
<testsuite hostname="EN911705" failures="0" tests="1" name="Locators.Locators" time="8.146" errors="0" timestamp="2022-05-18T13:11:39 COT" skipped="0">
  <testcase classname="Locators.Locators" name="test1" time="8.146"/>
  <system-out/>
</testsuite> <!-- Locators.Locators -->
